<?xml version="1.0" encoding="UTF-8"?>
<testng-results ignored="0" total="1" passed="1" failed="0" skipped="0">
  <reporter-output>
  </reporter-output>
  <suite started-at="2022-11-18T16:06:02 IST" name="Default suite" finished-at="2022-11-18T16:06:08 IST" duration-ms="5826">
    <groups>
    </groups>
    <test started-at="2022-11-18T16:06:02 IST" name="Default test" finished-at="2022-11-18T16:06:08 IST" duration-ms="5826">
      <class name="com.apitesting.restconcepts.CreateComplexJsonObjectPayloadUsingMap2">
        <test-method signature="passBodyAsMap()[pri:0, instance:com.apitesting.restconcepts.CreateComplexJsonObjectPayloadUsingMap2@29647f75]" started-at="2022-11-18T16:06:02 IST" name="passBodyAsMap" finished-at="2022-11-18T16:06:08 IST" duration-ms="5782" status="PASS">
          <reporter-output>
          </reporter-output>
        </test-method> <!-- passBodyAsMap -->
      </class> <!-- com.apitesting.restconcepts.CreateComplexJsonObjectPayloadUsingMap2 -->
    </test> <!-- Default test -->
  </suite> <!-- Default suite -->
</testng-results>
