<?xml version="1.0" encoding="UTF-8"?>
<!-- Generated by org.testng.reporters.JUnitXMLReporter -->
<testsuite ignored="0" hostname="LAPTOP-9TE3HTMN" failures="0" tests="3" name="Test" time="8.676" errors="0" timestamp="2022-04-14T22:00:38 IST">
  <testcase classname="com.apitesting.restfulbooker.DefaultValues1" name="createbooking1" time="4.098"/>
  <testcase classname="com.apitesting.restfulbooker.DefaultValues1" name="createbooking2" time="1.663"/>
  <testcase classname="com.apitesting.restfulbooker.DefaultValues2" name="createBooking" time="1.617"/>
</testsuite> <!-- Test -->
